This file contains any messages produced by compilers while
running configure, to aid debugging if configure makes a mistake.

It was created by perftest configure 5.33, which was
generated by GNU Autoconf 2.63.  Invocation command line was

  $ ./configure --prefix=/ascldap/users/tgroves/perftest-2.3 --disable-verbs_exp

## --------- ##
## Platform. ##
## --------- ##

hostname = chama-login1
uname -m = x86_64
uname -r = 2.6.32-504.16.2.1chaos.ch5.3.x86_64
uname -s = Linux
uname -v = #1 SMP Mon Apr 27 16:24:20 PDT 2015

/usr/bin/uname -p = unknown
/bin/uname -X     = unknown

/bin/arch              = x86_64
/usr/bin/arch -k       = unknown
/usr/convex/getsysinfo = unknown
/usr/bin/hostinfo      = unknown
/bin/machine           = unknown
/usr/bin/oslevel       = unknown
/bin/universe          = unknown

PATH: /opt/openmpi-1.6-intel/bin
PATH: /opt/intel-12.1/bin/intel64
PATH: /usr/lib64/qt-3.3/bin
PATH: /usr/lpp/mmfs/bin
PATH: /usr/local/bin
PATH: /bin
PATH: /usr/bin
PATH: /usr/local/sbin
PATH: /usr/sbin
PATH: /sbin
PATH: /ascldap/users/tgroves/bin


## ----------- ##
## Core tests. ##
## ----------- ##

configure:2128: checking for a BSD-compatible install
configure:2196: result: /usr/bin/install -c
configure:2207: checking whether build environment is sane
configure:2267: result: yes
configure:2408: checking for a thread-safe mkdir -p
configure:2447: result: /bin/mkdir -p
configure:2460: checking for gawk
configure:2476: found /bin/gawk
configure:2487: result: gawk
configure:2498: checking whether make sets $(MAKE)
configure:2520: result: yes
configure:2683: checking for gcc
configure:2710: result: icc
configure:2942: checking for C compiler version
configure:2950: icc --version >&5
icc (ICC) 12.1.5 20120612
Copyright (C) 1985-2012 Intel Corporation.  All rights reserved.

configure:2954: $? = 0
configure:2961: icc -v >&5
icc version 12.1.5 (gcc version 4.4.7 compatibility)
configure:2965: $? = 0
configure:2972: icc -V >&5
Intel(R) C Intel(R) 64 Compiler XE for applications running on Intel(R) 64, Version 12.1.5.339 Build 20120612
Copyright (C) 1985-2012 Intel Corporation.  All rights reserved.

configure:2976: $? = 0
configure:2999: checking for C compiler default output file name
configure:3021: icc    conftest.c  >&5
configure:3025: $? = 0
configure:3063: result: a.out
configure:3082: checking whether the C compiler works
configure:3092: ./a.out
configure:3096: $? = 0
configure:3115: result: yes
configure:3122: checking whether we are cross compiling
configure:3124: result: no
configure:3127: checking for suffix of executables
configure:3134: icc -o conftest    conftest.c  >&5
configure:3138: $? = 0
configure:3164: result: 
configure:3170: checking for suffix of object files
configure:3196: icc -c   conftest.c >&5
configure:3200: $? = 0
configure:3225: result: o
configure:3229: checking whether we are using the GNU C compiler
configure:3258: icc -c   conftest.c >&5
configure:3265: $? = 0
configure:3282: result: yes
configure:3291: checking whether icc accepts -g
configure:3321: icc -c -g  conftest.c >&5
configure:3328: $? = 0
configure:3429: result: yes
configure:3446: checking for icc option to accept ISO C89
configure:3520: icc  -c -g -O2  conftest.c >&5
configure:3527: $? = 0
configure:3550: result: none needed
configure:3579: checking for style of include used by make
configure:3607: result: GNU
configure:3632: checking dependency style of icc
configure:3742: result: gcc3
configure:3869: checking for C++ compiler version
configure:3877: icpc --version >&5
icpc (ICC) 12.1.5 20120612
Copyright (C) 1985-2012 Intel Corporation.  All rights reserved.

configure:3881: $? = 0
configure:3888: icpc -v >&5
icpc version 12.1.5 (gcc version 4.4.7 compatibility)
configure:3892: $? = 0
configure:3899: icpc -V >&5
Intel(R) C++ Intel(R) 64 Compiler XE for applications running on Intel(R) 64, Version 12.1.5.339 Build 20120612
Copyright (C) 1985-2012 Intel Corporation.  All rights reserved.

configure:3903: $? = 0
configure:3906: checking whether we are using the GNU C++ compiler
configure:3935: icpc -c   conftest.cpp >&5
configure:3942: $? = 0
configure:3959: result: yes
configure:3968: checking whether icpc accepts -g
configure:3998: icpc -c -g  conftest.cpp >&5
configure:4005: $? = 0
configure:4106: result: yes
configure:4131: checking dependency style of icpc
configure:4241: result: gcc3
configure:4265: checking dependency style of icc
configure:4373: result: gcc3
configure:4402: checking for a BSD-compatible install
configure:4470: result: /usr/bin/install -c
configure:4512: checking build system type
configure:4530: result: x86_64-unknown-linux-gnu
configure:4552: checking host system type
configure:4567: result: x86_64-unknown-linux-gnu
configure:4589: checking for a sed that does not truncate output
configure:4655: result: /bin/sed
configure:4673: checking for grep that handles long lines and -e
configure:4733: result: /bin/grep
configure:4738: checking for egrep
configure:4802: result: /bin/grep -E
configure:4807: checking for fgrep
configure:4871: result: /bin/grep -F
configure:4906: checking for ld used by icc
configure:4973: result: /usr/bin/ld
configure:4982: checking if the linker (/usr/bin/ld) is GNU ld
configure:4997: result: yes
configure:5009: checking for BSD- or MS-compatible name lister (nm)
configure:5058: result: /usr/bin/nm -B
configure:5176: checking the name lister (/usr/bin/nm -B) interface
configure:5183: icc -c -g -O2  conftest.c >&5
configure:5186: /usr/bin/nm -B "conftest.o"
configure:5189: output
0000000000000000 N .debug_info_seg
0000000000000000 B some_variable
configure:5196: result: BSD nm
configure:5199: checking whether ln -s works
configure:5203: result: yes
configure:5211: checking the maximum length of command line arguments
configure:5331: result: 1966080
configure:5348: checking whether the shell understands some XSI constructs
configure:5358: result: yes
configure:5362: checking whether the shell understands "+="
configure:5368: result: yes
configure:5403: checking for /usr/bin/ld option to reload object files
configure:5410: result: -r
configure:5479: checking for objdump
configure:5495: found /usr/bin/objdump
configure:5506: result: objdump
configure:5538: checking how to recognize dependent libraries
configure:5734: result: pass_all
configure:5794: checking for ar
configure:5810: found /usr/bin/ar
configure:5821: result: ar
configure:5899: checking for strip
configure:5915: found /usr/bin/strip
configure:5926: result: strip
configure:5998: checking for ranlib
configure:6014: found /usr/bin/ranlib
configure:6025: result: ranlib
configure:6115: checking command to parse /usr/bin/nm -B output from icc object
configure:6233: icc -c -g -O2  conftest.c >&5
configure:6236: $? = 0
configure:6240: /usr/bin/nm -B conftest.o \| sed -n -e 's/^.*[	 ]\([ABCDGIRSTW][ABCDGIRSTW]*\)[	 ][	 ]*\([_A-Za-z][_A-Za-z0-9]*\)$/\1 \2 \2/p' \> conftest.nm
configure:6243: $? = 0
configure:6297: icc -o conftest -g -O2   conftest.c conftstm.o >&5
configure:6300: $? = 0
configure:6338: result: ok
configure:6434: icc -c -g -O2  conftest.c >&5
configure:6437: $? = 0
configure:7205: checking how to run the C preprocessor
configure:7245: icc -E  conftest.c
configure:7252: $? = 0
configure:7283: icc -E  conftest.c
conftest.c(10): error #2379: cannot open source file "ac_nonexistent.h"
  #include <ac_nonexistent.h>
                             ^

configure:7290: $? = 2
configure: failed program was:
| /* confdefs.h.  */
| #define PACKAGE_NAME "perftest"
| #define PACKAGE_TARNAME "perftest"
| #define PACKAGE_VERSION "5.33"
| #define PACKAGE_STRING "perftest 5.33"
| #define PACKAGE_BUGREPORT "linux-rdma@vger.kernel.org"
| #define PACKAGE "perftest"
| #define VERSION "5.33"
| /* end confdefs.h.  */
| #include <ac_nonexistent.h>
configure:7323: result: icc -E
configure:7352: icc -E  conftest.c
configure:7359: $? = 0
configure:7390: icc -E  conftest.c
conftest.c(10): error #2379: cannot open source file "ac_nonexistent.h"
  #include <ac_nonexistent.h>
                             ^

configure:7397: $? = 2
configure: failed program was:
| /* confdefs.h.  */
| #define PACKAGE_NAME "perftest"
| #define PACKAGE_TARNAME "perftest"
| #define PACKAGE_VERSION "5.33"
| #define PACKAGE_STRING "perftest 5.33"
| #define PACKAGE_BUGREPORT "linux-rdma@vger.kernel.org"
| #define PACKAGE "perftest"
| #define VERSION "5.33"
| /* end confdefs.h.  */
| #include <ac_nonexistent.h>
configure:7437: checking for ANSI C header files
configure:7467: icc -c -g -O2  conftest.c >&5
configure:7474: $? = 0
configure:7573: icc -o conftest -g -O2   conftest.c  >&5
configure:7577: $? = 0
configure:7583: ./conftest
configure:7587: $? = 0
configure:7605: result: yes
configure:7629: checking for sys/types.h
configure:7650: icc -c -g -O2  conftest.c >&5
configure:7657: $? = 0
configure:7674: result: yes
configure:7629: checking for sys/stat.h
configure:7650: icc -c -g -O2  conftest.c >&5
configure:7657: $? = 0
configure:7674: result: yes
configure:7629: checking for stdlib.h
configure:7650: icc -c -g -O2  conftest.c >&5
configure:7657: $? = 0
configure:7674: result: yes
configure:7629: checking for string.h
configure:7650: icc -c -g -O2  conftest.c >&5
configure:7657: $? = 0
configure:7674: result: yes
configure:7629: checking for memory.h
configure:7650: icc -c -g -O2  conftest.c >&5
configure:7657: $? = 0
configure:7674: result: yes
configure:7629: checking for strings.h
configure:7650: icc -c -g -O2  conftest.c >&5
configure:7657: $? = 0
configure:7674: result: yes
configure:7629: checking for inttypes.h
configure:7650: icc -c -g -O2  conftest.c >&5
configure:7657: $? = 0
configure:7674: result: yes
configure:7629: checking for stdint.h
configure:7650: icc -c -g -O2  conftest.c >&5
configure:7657: $? = 0
configure:7674: result: yes
configure:7629: checking for unistd.h
configure:7650: icc -c -g -O2  conftest.c >&5
configure:7657: $? = 0
configure:7674: result: yes
configure:7692: checking for dlfcn.h
configure:7713: icc -c -g -O2  conftest.c >&5
configure:7720: $? = 0
configure:7737: result: yes
configure:7864: checking for C++ compiler version
configure:7872: icpc --version >&5
icpc (ICC) 12.1.5 20120612
Copyright (C) 1985-2012 Intel Corporation.  All rights reserved.

configure:7876: $? = 0
configure:7883: icpc -v >&5
icpc version 12.1.5 (gcc version 4.4.7 compatibility)
configure:7887: $? = 0
configure:7894: icpc -V >&5
Intel(R) C++ Intel(R) 64 Compiler XE for applications running on Intel(R) 64, Version 12.1.5.339 Build 20120612
Copyright (C) 1985-2012 Intel Corporation.  All rights reserved.

configure:7898: $? = 0
configure:7901: checking whether we are using the GNU C++ compiler
configure:7954: result: yes
configure:7963: checking whether icpc accepts -g
configure:8101: result: yes
configure:8126: checking dependency style of icpc
configure:8236: result: gcc3
configure:8259: checking how to run the C++ preprocessor
configure:8295: icpc -E  conftest.cpp
configure:8302: $? = 0
configure:8333: icpc -E  conftest.cpp
conftest.cpp(21): error #2379: cannot open source file "ac_nonexistent.h"
  #include <ac_nonexistent.h>
                             ^

configure:8340: $? = 2
configure: failed program was:
| /* confdefs.h.  */
| #define PACKAGE_NAME "perftest"
| #define PACKAGE_TARNAME "perftest"
| #define PACKAGE_VERSION "5.33"
| #define PACKAGE_STRING "perftest 5.33"
| #define PACKAGE_BUGREPORT "linux-rdma@vger.kernel.org"
| #define PACKAGE "perftest"
| #define VERSION "5.33"
| #define STDC_HEADERS 1
| #define HAVE_SYS_TYPES_H 1
| #define HAVE_SYS_STAT_H 1
| #define HAVE_STDLIB_H 1
| #define HAVE_STRING_H 1
| #define HAVE_MEMORY_H 1
| #define HAVE_STRINGS_H 1
| #define HAVE_INTTYPES_H 1
| #define HAVE_STDINT_H 1
| #define HAVE_UNISTD_H 1
| #define HAVE_DLFCN_H 1
| /* end confdefs.h.  */
| #include <ac_nonexistent.h>
configure:8373: result: icpc -E
configure:8402: icpc -E  conftest.cpp
configure:8409: $? = 0
configure:8440: icpc -E  conftest.cpp
conftest.cpp(21): error #2379: cannot open source file "ac_nonexistent.h"
  #include <ac_nonexistent.h>
                             ^

configure:8447: $? = 2
configure: failed program was:
| /* confdefs.h.  */
| #define PACKAGE_NAME "perftest"
| #define PACKAGE_TARNAME "perftest"
| #define PACKAGE_VERSION "5.33"
| #define PACKAGE_STRING "perftest 5.33"
| #define PACKAGE_BUGREPORT "linux-rdma@vger.kernel.org"
| #define PACKAGE "perftest"
| #define VERSION "5.33"
| #define STDC_HEADERS 1
| #define HAVE_SYS_TYPES_H 1
| #define HAVE_SYS_STAT_H 1
| #define HAVE_STDLIB_H 1
| #define HAVE_STRING_H 1
| #define HAVE_MEMORY_H 1
| #define HAVE_STRINGS_H 1
| #define HAVE_INTTYPES_H 1
| #define HAVE_STDINT_H 1
| #define HAVE_UNISTD_H 1
| #define HAVE_DLFCN_H 1
| /* end confdefs.h.  */
| #include <ac_nonexistent.h>
configure:8661: checking for objdir
configure:8676: result: .libs
configure:8968: checking if icc supports -fno-rtti -fno-exceptions
configure:8986: icc -c -g -O2  -fno-rtti -fno-exceptions conftest.c >&5
configure:8990: $? = 0
configure:9003: result: yes
configure:9023: checking for icc option to produce PIC
configure:9295: result: -fPIC -DPIC
configure:9307: checking if icc PIC flag -fPIC -DPIC works
configure:9325: icc -c -g -O2  -fPIC -DPIC -DPIC conftest.c >&5
configure:9329: $? = 0
configure:9342: result: yes
configure:9366: checking if icc static flag -static works
configure:9394: result: yes
configure:9409: checking if icc supports -c -o file.o
configure:9430: icc -c -g -O2  -o out/conftest2.o conftest.c >&5
configure:9434: $? = 0
configure:9456: result: yes
configure:9464: checking if icc supports -c -o file.o
configure:9511: result: yes
configure:9544: checking whether the icc linker (/usr/bin/ld -m elf_x86_64) supports shared libraries
configure:10618: result: yes
configure:10655: checking whether -lc should be explicitly linked in
configure:10660: icc -c -g -O2  conftest.c >&5
configure:10663: $? = 0
configure:10678: icc -shared conftest.o  -v -Wl,-soname -Wl,conftest -o conftest 2\>\&1 \| /bin/grep  -lc  \>/dev/null 2\>\&1
configure:10681: $? = 0
configure:10693: result: no
configure:10857: checking dynamic linker characteristics
configure:11300: icc -o conftest -g -O2   -Wl,-rpath -Wl,/foo conftest.c  >&5
configure:11307: $? = 0
configure:11543: result: GNU/Linux ld.so
configure:11645: checking how to hardcode library paths into programs
configure:11670: result: immediate
configure:12503: checking whether stripping libraries is possible
configure:12508: result: yes
configure:12543: checking if libtool supports shared libraries
configure:12545: result: yes
configure:12548: checking whether to build shared libraries
configure:12569: result: yes
configure:12572: checking whether to build static libraries
configure:12576: result: yes
configure:12726: checking for ld used by icpc
configure:12793: result: /usr/bin/ld -m elf_x86_64
configure:12802: checking if the linker (/usr/bin/ld -m elf_x86_64) is GNU ld
configure:12817: result: yes
configure:12872: checking whether the icpc linker (/usr/bin/ld -m elf_x86_64) supports shared libraries
configure:13847: result: yes
configure:13875: icpc -c -g -O2  conftest.cpp >&5
configure:13878: $? = 0
configure:14060: checking for icpc option to produce PIC
configure:14377: result: -fPIC -DPIC
configure:14386: checking if icpc PIC flag -fPIC -DPIC works
configure:14404: icpc -c -g -O2  -fPIC -DPIC -DPIC conftest.cpp >&5
configure:14408: $? = 0
configure:14421: result: yes
configure:14442: checking if icpc static flag -static works
configure:14470: result: yes
configure:14482: checking if icpc supports -c -o file.o
configure:14503: icpc -c -g -O2  -o out/conftest2.o conftest.cpp >&5
configure:14507: $? = 0
configure:14529: result: yes
configure:14534: checking if icpc supports -c -o file.o
configure:14581: result: yes
configure:14611: checking whether the icpc linker (/usr/bin/ld -m elf_x86_64) supports shared libraries
configure:14637: result: yes
configure:14774: checking dynamic linker characteristics
configure:15165: icpc -o conftest -g -O2   -Wl,-rpath,/foo conftest.cpp  >&5
configure:15172: $? = 0
configure:15408: result: GNU/Linux ld.so
configure:15459: checking how to hardcode library paths into programs
configure:15484: result: immediate
configure:15542: checking for ANSI C header files
configure:15710: result: yes
configure:15736: checking infiniband/verbs.h usability
configure:15753: icc -c -g -O2  conftest.c >&5
configure:15760: $? = 0
configure:15774: result: yes
configure:15778: checking infiniband/verbs.h presence
configure:15793: icc -E  conftest.c
configure:15800: $? = 0
configure:15814: result: yes
configure:15847: checking for infiniband/verbs.h
configure:15856: result: yes
configure:15876: checking for ibv_get_device_list in -libverbs
configure:15911: icc -o conftest -g -O2   conftest.c -libverbs   >&5
configure:15918: $? = 0
configure:15939: result: yes
configure:15955: checking for rdma_create_event_channel in -lrdmacm
configure:15990: icc -o conftest -g -O2   conftest.c -lrdmacm  -libverbs  >&5
configure:15997: $? = 0
configure:16018: result: yes
configure:16033: checking for umad_init in -libumad
configure:16068: icc -o conftest -g -O2   conftest.c -libumad  -lrdmacm -libverbs  >&5
configure:16075: $? = 0
configure:16096: result: yes
configure:16106: checking for log in -lm
configure:16141: icc -o conftest -g -O2   conftest.c -lm  -lrdmacm -libverbs  >&5
configure:16148: $? = 0
configure:16169: result: yes
configure:16202: icc -o conftest -g -O2   conftest.c -lrdmacm -libverbs  >&5
conftest.c(28): catastrophic error: cannot open source file "infiniband/verbs_exp.h"
  #include <infiniband/verbs_exp.h>
                                   ^

compilation aborted for conftest.c (code 4)
configure:16209: $? = 4
configure: failed program was:
| /* confdefs.h.  */
| #define PACKAGE_NAME "perftest"
| #define PACKAGE_TARNAME "perftest"
| #define PACKAGE_VERSION "5.33"
| #define PACKAGE_STRING "perftest 5.33"
| #define PACKAGE_BUGREPORT "linux-rdma@vger.kernel.org"
| #define PACKAGE "perftest"
| #define VERSION "5.33"
| #define STDC_HEADERS 1
| #define HAVE_SYS_TYPES_H 1
| #define HAVE_SYS_STAT_H 1
| #define HAVE_STDLIB_H 1
| #define HAVE_STRING_H 1
| #define HAVE_MEMORY_H 1
| #define HAVE_STRINGS_H 1
| #define HAVE_INTTYPES_H 1
| #define HAVE_STDINT_H 1
| #define HAVE_UNISTD_H 1
| #define HAVE_DLFCN_H 1
| #define LT_OBJDIR ".libs/"
| #define STDC_HEADERS 1
| #define HAVE_INFINIBAND_VERBS_H 1
| #define HAVE_LIBIBVERBS 1
| #define HAVE_LIBRDMACM 1
| /* end confdefs.h.  */
| 
| #include <infiniband/verbs.h>
| #include <infiniband/verbs_exp.h>
| int
| main ()
| {
| int x = IBV_EXP_ACCESS_ON_DEMAND;
|   ;
|   return 0;
| }
configure:16267: icc -o conftest -g -O2   conftest.c -lrdmacm -libverbs  >&5
conftest.c(30): warning #144: a value of type "int" cannot be used to initialize an entity of type "struct ibv_exp_flow *"
  struct ibv_exp_flow *t = ibv_exp_create_flow(NULL,NULL);
                           ^

/tmp/iccag3BEx.o: In function `main':
/home/tgroves/perftest-tlg/conftest.c:30: undefined reference to `ibv_exp_create_flow'
configure:16274: $? = 1
configure: failed program was:
| /* confdefs.h.  */
| #define PACKAGE_NAME "perftest"
| #define PACKAGE_TARNAME "perftest"
| #define PACKAGE_VERSION "5.33"
| #define PACKAGE_STRING "perftest 5.33"
| #define PACKAGE_BUGREPORT "linux-rdma@vger.kernel.org"
| #define PACKAGE "perftest"
| #define VERSION "5.33"
| #define STDC_HEADERS 1
| #define HAVE_SYS_TYPES_H 1
| #define HAVE_SYS_STAT_H 1
| #define HAVE_STDLIB_H 1
| #define HAVE_STRING_H 1
| #define HAVE_MEMORY_H 1
| #define HAVE_STRINGS_H 1
| #define HAVE_INTTYPES_H 1
| #define HAVE_STDINT_H 1
| #define HAVE_UNISTD_H 1
| #define HAVE_DLFCN_H 1
| #define LT_OBJDIR ".libs/"
| #define STDC_HEADERS 1
| #define HAVE_INFINIBAND_VERBS_H 1
| #define HAVE_LIBIBVERBS 1
| #define HAVE_LIBRDMACM 1
| /* end confdefs.h.  */
| #include <infiniband/verbs.h>
| int
| main ()
| {
| struct ibv_exp_flow *t = ibv_exp_create_flow(NULL,NULL);
|   ;
|   return 0;
| }
configure:16331: icc -o conftest -g -O2   conftest.c -lrdmacm -libverbs  >&5
configure:16338: $? = 0
configure:16421: icc -o conftest -g -O2   conftest.c -lrdmacm -libverbs  >&5
configure:16428: $? = 0
configure:16485: icc -o conftest -g -O2   conftest.c -lrdmacm -libverbs  >&5
configure:16492: $? = 0
configure:16549: icc -o conftest -g -O2   conftest.c -lrdmacm -libverbs  >&5
conftest.c(34): error: identifier "IBV_LINK_LAYER_SCIF" is undefined
  char *c = IBV_LINK_LAYER_SCIF;
            ^

compilation aborted for conftest.c (code 2)
configure:16556: $? = 2
configure: failed program was:
| /* confdefs.h.  */
| #define PACKAGE_NAME "perftest"
| #define PACKAGE_TARNAME "perftest"
| #define PACKAGE_VERSION "5.33"
| #define PACKAGE_STRING "perftest 5.33"
| #define PACKAGE_BUGREPORT "linux-rdma@vger.kernel.org"
| #define PACKAGE "perftest"
| #define VERSION "5.33"
| #define STDC_HEADERS 1
| #define HAVE_SYS_TYPES_H 1
| #define HAVE_SYS_STAT_H 1
| #define HAVE_STDLIB_H 1
| #define HAVE_STRING_H 1
| #define HAVE_MEMORY_H 1
| #define HAVE_STRINGS_H 1
| #define HAVE_INTTYPES_H 1
| #define HAVE_STDINT_H 1
| #define HAVE_UNISTD_H 1
| #define HAVE_DLFCN_H 1
| #define LT_OBJDIR ".libs/"
| #define STDC_HEADERS 1
| #define HAVE_INFINIBAND_VERBS_H 1
| #define HAVE_LIBIBVERBS 1
| #define HAVE_LIBRDMACM 1
| #define HAVE_RAW_ETH_REG 1
| #define HAVE_RAW_ETH 1
| #define HAVE_XRCD 1
| #define HAVE_ENDIAN 1
| /* end confdefs.h.  */
| #include <infiniband/verbs.h>
| int
| main ()
| {
| char *c = IBV_LINK_LAYER_SCIF;
|   ;
|   return 0;
| }
configure:16596: checking for infiniband/verbs_exp.h
configure:16617: icc -c -g -O2  conftest.c >&5
conftest.c(32): catastrophic error: cannot open source file "infiniband/verbs_exp.h"
  #include <infiniband/verbs_exp.h>
                                   ^

compilation aborted for conftest.c (code 4)
configure:16624: $? = 4
configure: failed program was:
| /* confdefs.h.  */
| #define PACKAGE_NAME "perftest"
| #define PACKAGE_TARNAME "perftest"
| #define PACKAGE_VERSION "5.33"
| #define PACKAGE_STRING "perftest 5.33"
| #define PACKAGE_BUGREPORT "linux-rdma@vger.kernel.org"
| #define PACKAGE "perftest"
| #define VERSION "5.33"
| #define STDC_HEADERS 1
| #define HAVE_SYS_TYPES_H 1
| #define HAVE_SYS_STAT_H 1
| #define HAVE_STDLIB_H 1
| #define HAVE_STRING_H 1
| #define HAVE_MEMORY_H 1
| #define HAVE_STRINGS_H 1
| #define HAVE_INTTYPES_H 1
| #define HAVE_STDINT_H 1
| #define HAVE_UNISTD_H 1
| #define HAVE_DLFCN_H 1
| #define LT_OBJDIR ".libs/"
| #define STDC_HEADERS 1
| #define HAVE_INFINIBAND_VERBS_H 1
| #define HAVE_LIBIBVERBS 1
| #define HAVE_LIBRDMACM 1
| #define HAVE_RAW_ETH_REG 1
| #define HAVE_RAW_ETH 1
| #define HAVE_XRCD 1
| #define HAVE_ENDIAN 1
| /* end confdefs.h.  */
| #include <infiniband/verbs.h>
| 
| #include <infiniband/verbs_exp.h>
configure:16641: result: no
configure:16697: icc -o conftest -g -O2   conftest.c -lrdmacm -libverbs  >&5
conftest.c(32): catastrophic error: cannot open source file "infiniband/verbs_exp.h"
  #include <infiniband/verbs_exp.h>
                                   ^

compilation aborted for conftest.c (code 4)
configure:16704: $? = 4
configure: failed program was:
| /* confdefs.h.  */
| #define PACKAGE_NAME "perftest"
| #define PACKAGE_TARNAME "perftest"
| #define PACKAGE_VERSION "5.33"
| #define PACKAGE_STRING "perftest 5.33"
| #define PACKAGE_BUGREPORT "linux-rdma@vger.kernel.org"
| #define PACKAGE "perftest"
| #define VERSION "5.33"
| #define STDC_HEADERS 1
| #define HAVE_SYS_TYPES_H 1
| #define HAVE_SYS_STAT_H 1
| #define HAVE_STDLIB_H 1
| #define HAVE_STRING_H 1
| #define HAVE_MEMORY_H 1
| #define HAVE_STRINGS_H 1
| #define HAVE_INTTYPES_H 1
| #define HAVE_STDINT_H 1
| #define HAVE_UNISTD_H 1
| #define HAVE_DLFCN_H 1
| #define LT_OBJDIR ".libs/"
| #define STDC_HEADERS 1
| #define HAVE_INFINIBAND_VERBS_H 1
| #define HAVE_LIBIBVERBS 1
| #define HAVE_LIBRDMACM 1
| #define HAVE_RAW_ETH_REG 1
| #define HAVE_RAW_ETH 1
| #define HAVE_XRCD 1
| #define HAVE_ENDIAN 1
| /* end confdefs.h.  */
| 
| #include <infiniband/verbs.h>
| #include <infiniband/verbs_exp.h>
| int
| main ()
| {
| int x = IBV_EXP_DEVICE_ATTR_EXT_ATOMIC_ARGS;
|   ;
|   return 0;
| }
configure:16762: icc -o conftest -g -O2   conftest.c -lrdmacm -libverbs  >&5
conftest.c(32): catastrophic error: cannot open source file "infiniband/verbs_exp.h"
  #include <infiniband/verbs_exp.h>
                                   ^

compilation aborted for conftest.c (code 4)
configure:16769: $? = 4
configure: failed program was:
| /* confdefs.h.  */
| #define PACKAGE_NAME "perftest"
| #define PACKAGE_TARNAME "perftest"
| #define PACKAGE_VERSION "5.33"
| #define PACKAGE_STRING "perftest 5.33"
| #define PACKAGE_BUGREPORT "linux-rdma@vger.kernel.org"
| #define PACKAGE "perftest"
| #define VERSION "5.33"
| #define STDC_HEADERS 1
| #define HAVE_SYS_TYPES_H 1
| #define HAVE_SYS_STAT_H 1
| #define HAVE_STDLIB_H 1
| #define HAVE_STRING_H 1
| #define HAVE_MEMORY_H 1
| #define HAVE_STRINGS_H 1
| #define HAVE_INTTYPES_H 1
| #define HAVE_STDINT_H 1
| #define HAVE_UNISTD_H 1
| #define HAVE_DLFCN_H 1
| #define LT_OBJDIR ".libs/"
| #define STDC_HEADERS 1
| #define HAVE_INFINIBAND_VERBS_H 1
| #define HAVE_LIBIBVERBS 1
| #define HAVE_LIBRDMACM 1
| #define HAVE_RAW_ETH_REG 1
| #define HAVE_RAW_ETH 1
| #define HAVE_XRCD 1
| #define HAVE_ENDIAN 1
| /* end confdefs.h.  */
| 
| #include <infiniband/verbs.h>
| #include <infiniband/verbs_exp.h>
| int
| main ()
| {
| int x = IBV_EXP_DEVICE_ATTR_RSS_TBL_SZ;
|   ;
|   return 0;
| }
configure:16827: icc -o conftest -g -O2   conftest.c -lrdmacm -libverbs  >&5
conftest.c(32): catastrophic error: cannot open source file "infiniband/verbs_exp.h"
  #include <infiniband/verbs_exp.h>
                                   ^

compilation aborted for conftest.c (code 4)
configure:16834: $? = 4
configure: failed program was:
| /* confdefs.h.  */
| #define PACKAGE_NAME "perftest"
| #define PACKAGE_TARNAME "perftest"
| #define PACKAGE_VERSION "5.33"
| #define PACKAGE_STRING "perftest 5.33"
| #define PACKAGE_BUGREPORT "linux-rdma@vger.kernel.org"
| #define PACKAGE "perftest"
| #define VERSION "5.33"
| #define STDC_HEADERS 1
| #define HAVE_SYS_TYPES_H 1
| #define HAVE_SYS_STAT_H 1
| #define HAVE_STDLIB_H 1
| #define HAVE_STRING_H 1
| #define HAVE_MEMORY_H 1
| #define HAVE_STRINGS_H 1
| #define HAVE_INTTYPES_H 1
| #define HAVE_STDINT_H 1
| #define HAVE_UNISTD_H 1
| #define HAVE_DLFCN_H 1
| #define LT_OBJDIR ".libs/"
| #define STDC_HEADERS 1
| #define HAVE_INFINIBAND_VERBS_H 1
| #define HAVE_LIBIBVERBS 1
| #define HAVE_LIBRDMACM 1
| #define HAVE_RAW_ETH_REG 1
| #define HAVE_RAW_ETH 1
| #define HAVE_XRCD 1
| #define HAVE_ENDIAN 1
| /* end confdefs.h.  */
| 
| #include <infiniband/verbs.h>
| #include <infiniband/verbs_exp.h>
| int
| main ()
| {
| int x = IBV_EXP_DCT_CREATE_FLAGS_MASK;
|   ;
|   return 0;
| }
configure:17117: creating ./config.status

## ---------------------- ##
## Running config.status. ##
## ---------------------- ##

This file was extended by perftest config.status 5.33, which was
generated by GNU Autoconf 2.63.  Invocation command line was

  CONFIG_FILES    = 
  CONFIG_HEADERS  = 
  CONFIG_LINKS    = 
  CONFIG_COMMANDS = 
  $ ./config.status 

on chama-login1

config.status:1087: creating Makefile
config.status:1087: creating config.h
config.status:1361: executing depfiles commands
config.status:1361: executing libtool commands

## ---------------- ##
## Cache variables. ##
## ---------------- ##

ac_cv_build=x86_64-unknown-linux-gnu
ac_cv_c_compiler_gnu=yes
ac_cv_cxx_compiler_gnu=yes
ac_cv_env_CCASFLAGS_set=
ac_cv_env_CCASFLAGS_value=
ac_cv_env_CCAS_set=
ac_cv_env_CCAS_value=
ac_cv_env_CCC_set=
ac_cv_env_CCC_value=
ac_cv_env_CC_set=set
ac_cv_env_CC_value=icc
ac_cv_env_CFLAGS_set=
ac_cv_env_CFLAGS_value=
ac_cv_env_CPPFLAGS_set=
ac_cv_env_CPPFLAGS_value=
ac_cv_env_CPP_set=
ac_cv_env_CPP_value=
ac_cv_env_CUDA_H_PATH_set=
ac_cv_env_CUDA_H_PATH_value=
ac_cv_env_CXXCPP_set=
ac_cv_env_CXXCPP_value=
ac_cv_env_CXXFLAGS_set=
ac_cv_env_CXXFLAGS_value=
ac_cv_env_CXX_set=set
ac_cv_env_CXX_value=icpc
ac_cv_env_LDFLAGS_set=
ac_cv_env_LDFLAGS_value=
ac_cv_env_LIBS_set=
ac_cv_env_LIBS_value=
ac_cv_env_build_alias_set=
ac_cv_env_build_alias_value=
ac_cv_env_host_alias_set=
ac_cv_env_host_alias_value=
ac_cv_env_target_alias_set=
ac_cv_env_target_alias_value=
ac_cv_header_dlfcn_h=yes
ac_cv_header_infiniband_verbs_exp_h=no
ac_cv_header_infiniband_verbs_h=yes
ac_cv_header_inttypes_h=yes
ac_cv_header_memory_h=yes
ac_cv_header_stdc=yes
ac_cv_header_stdint_h=yes
ac_cv_header_stdlib_h=yes
ac_cv_header_string_h=yes
ac_cv_header_strings_h=yes
ac_cv_header_sys_stat_h=yes
ac_cv_header_sys_types_h=yes
ac_cv_header_unistd_h=yes
ac_cv_host=x86_64-unknown-linux-gnu
ac_cv_lib_ibumad_umad_init=yes
ac_cv_lib_ibverbs_ibv_get_device_list=yes
ac_cv_lib_m_log=yes
ac_cv_lib_rdmacm_rdma_create_event_channel=yes
ac_cv_objext=o
ac_cv_path_EGREP='/bin/grep -E'
ac_cv_path_FGREP='/bin/grep -F'
ac_cv_path_GREP=/bin/grep
ac_cv_path_SED=/bin/sed
ac_cv_path_install='/usr/bin/install -c'
ac_cv_path_mkdir=/bin/mkdir
ac_cv_prog_AWK=gawk
ac_cv_prog_CPP='icc -E'
ac_cv_prog_CXXCPP='icpc -E'
ac_cv_prog_ac_ct_AR=ar
ac_cv_prog_ac_ct_CC=icc
ac_cv_prog_ac_ct_OBJDUMP=objdump
ac_cv_prog_ac_ct_RANLIB=ranlib
ac_cv_prog_ac_ct_STRIP=strip
ac_cv_prog_cc_c89=
ac_cv_prog_cc_g=yes
ac_cv_prog_cxx_g=yes
ac_cv_prog_make_make_set=yes
am_cv_CCAS_dependencies_compiler_type=gcc3
am_cv_CC_dependencies_compiler_type=gcc3
am_cv_CXX_dependencies_compiler_type=gcc3
lt_cv_deplibs_check_method=pass_all
lt_cv_file_magic_cmd='$MAGIC_CMD'
lt_cv_file_magic_test_file=
lt_cv_ld_reload_flag=-r
lt_cv_nm_interface='BSD nm'
lt_cv_objdir=.libs
lt_cv_path_LD=/usr/bin/ld
lt_cv_path_LDCXX='/usr/bin/ld -m elf_x86_64'
lt_cv_path_NM='/usr/bin/nm -B'
lt_cv_prog_compiler_c_o=yes
lt_cv_prog_compiler_c_o_CXX=yes
lt_cv_prog_compiler_pic_works=yes
lt_cv_prog_compiler_pic_works_CXX=yes
lt_cv_prog_compiler_rtti_exceptions=yes
lt_cv_prog_compiler_static_works=yes
lt_cv_prog_compiler_static_works_CXX=yes
lt_cv_prog_gnu_ld=yes
lt_cv_prog_gnu_ldcxx=yes
lt_cv_sys_global_symbol_pipe='sed -n -e '\''s/^.*[	 ]\([ABCDGIRSTW][ABCDGIRSTW]*\)[	 ][	 ]*\([_A-Za-z][_A-Za-z0-9]*\)$/\1 \2 \2/p'\'''
lt_cv_sys_global_symbol_to_c_name_address='sed -n -e '\''s/^: \([^ ]*\) $/  {\"\1\", (void *) 0},/p'\'' -e '\''s/^[ABCDGIRSTW]* \([^ ]*\) \([^ ]*\)$/  {"\2", (void *) \&\2},/p'\'''
lt_cv_sys_global_symbol_to_c_name_address_lib_prefix='sed -n -e '\''s/^: \([^ ]*\) $/  {\"\1\", (void *) 0},/p'\'' -e '\''s/^[ABCDGIRSTW]* \([^ ]*\) \(lib[^ ]*\)$/  {"\2", (void *) \&\2},/p'\'' -e '\''s/^[ABCDGIRSTW]* \([^ ]*\) \([^ ]*\)$/  {"lib\2", (void *) \&\2},/p'\'''
lt_cv_sys_global_symbol_to_cdecl='sed -n -e '\''s/^T .* \(.*\)$/extern int \1();/p'\'' -e '\''s/^[ABCDGIRSTW]* .* \(.*\)$/extern char \1;/p'\'''
lt_cv_sys_max_cmd_len=1966080

## ----------------- ##
## Output variables. ##
## ----------------- ##

ACLOCAL='${SHELL} /ascldap/users/tgroves/perftest-tlg/config/missing --run aclocal-1.11'
AMDEPBACKSLASH='\'
AMDEP_FALSE='#'
AMDEP_TRUE=''
AMTAR='${SHELL} /ascldap/users/tgroves/perftest-tlg/config/missing --run tar'
AM_BACKSLASH='\'
AM_DEFAULT_VERBOSITY='0'
AR='ar'
AUTOCONF='${SHELL} /ascldap/users/tgroves/perftest-tlg/config/missing --run autoconf'
AUTOHEADER='${SHELL} /ascldap/users/tgroves/perftest-tlg/config/missing --run autoheader'
AUTOMAKE='${SHELL} /ascldap/users/tgroves/perftest-tlg/config/missing --run automake-1.11'
AWK='gawk'
CC='icc'
CCAS='icc'
CCASDEPMODE='depmode=gcc3'
CCASFLAGS='-g -O2'
CCDEPMODE='depmode=gcc3'
CFLAGS='-g -Wall -D_GNU_SOURCE -O3'
CPP='icc -E'
CPPFLAGS=''
CUDA_H_PATH=''
CXX='icpc'
CXXCPP='icpc -E'
CXXDEPMODE='depmode=gcc3'
CXXFLAGS='-g -O2'
CYGPATH_W='echo'
DEFS='-DHAVE_CONFIG_H'
DEPDIR='.deps'
DSYMUTIL=''
DUMPBIN=''
ECHO_C=''
ECHO_N='-n'
ECHO_T=''
EGREP='/bin/grep -E'
EXEEXT=''
FGREP='/bin/grep -F'
GREP='/bin/grep'
HAVE_DC_FALSE=''
HAVE_DC_TRUE='#'
HAVE_ENDIAN_FALSE='#'
HAVE_ENDIAN_TRUE=''
HAVE_MASKED_ATOMICS_FALSE=''
HAVE_MASKED_ATOMICS_TRUE='#'
HAVE_ODP_FALSE=''
HAVE_ODP_TRUE='#'
HAVE_RAW_ETH_EXP_FALSE=''
HAVE_RAW_ETH_EXP_TRUE='#'
HAVE_RAW_ETH_FALSE='#'
HAVE_RAW_ETH_REG_FALSE='#'
HAVE_RAW_ETH_REG_TRUE=''
HAVE_RAW_ETH_TRUE=''
HAVE_RSS_EXP_FALSE=''
HAVE_RSS_EXP_TRUE='#'
HAVE_SCIF_FALSE=''
HAVE_SCIF_TRUE='#'
HAVE_VERBS_EXP_FALSE=''
HAVE_VERBS_EXP_TRUE='#'
HAVE_XRCD_FALSE='#'
HAVE_XRCD_TRUE=''
INSTALL_DATA='${INSTALL} -m 644'
INSTALL_PROGRAM='${INSTALL}'
INSTALL_SCRIPT='${INSTALL}'
INSTALL_STRIP_PROGRAM='$(install_sh) -c -s'
LD='/usr/bin/ld -m elf_x86_64'
LDFLAGS=''
LIBMATH='-lm'
LIBOBJS=''
LIBS='-lrdmacm -libverbs '
LIBTOOL='$(SHELL) $(top_builddir)/libtool'
LIBUMAD='-libumad'
LIPO=''
LN_S='ln -s'
LTLIBOBJS=''
MAJOR_VERSION=''
MAKEINFO='${SHELL} /ascldap/users/tgroves/perftest-tlg/config/missing --run makeinfo'
MINOR_VERSION=''
MKDIR_P='/bin/mkdir -p'
NM='/usr/bin/nm -B'
NMEDIT=''
OBJDUMP='objdump'
OBJEXT='o'
OTOOL64=''
OTOOL=''
PACKAGE='perftest'
PACKAGE_BUGREPORT='linux-rdma@vger.kernel.org'
PACKAGE_NAME='perftest'
PACKAGE_STRING='perftest 5.33'
PACKAGE_TARNAME='perftest'
PACKAGE_VERSION='5.33'
PATH_SEPARATOR=':'
RANLIB='ranlib'
SED='/bin/sed'
SET_MAKE=''
SHELL='/bin/sh'
STRIP='strip'
VERSION='5.33'
ac_ct_CC='icc'
ac_ct_CXX=''
ac_ct_DUMPBIN=''
am__EXEEXT_FALSE=''
am__EXEEXT_TRUE='#'
am__fastdepCCAS_FALSE='#'
am__fastdepCCAS_TRUE=''
am__fastdepCC_FALSE='#'
am__fastdepCC_TRUE=''
am__fastdepCXX_FALSE='#'
am__fastdepCXX_TRUE=''
am__include='include'
am__isrc=''
am__leading_dot='.'
am__quote=''
am__tar='${AMTAR} chof - "$$tardir"'
am__untar='${AMTAR} xf -'
bindir='${exec_prefix}/bin'
build='x86_64-unknown-linux-gnu'
build_alias=''
build_cpu='x86_64'
build_os='linux-gnu'
build_vendor='unknown'
datadir='${datarootdir}'
datarootdir='${prefix}/share'
docdir='${datarootdir}/doc/${PACKAGE_TARNAME}'
dvidir='${docdir}'
exec_prefix='${prefix}'
host='x86_64-unknown-linux-gnu'
host_alias=''
host_cpu='x86_64'
host_os='linux-gnu'
host_vendor='unknown'
htmldir='${docdir}'
includedir='${prefix}/include'
infodir='${datarootdir}/info'
install_sh='${SHELL} /ascldap/users/tgroves/perftest-tlg/config/install-sh'
libdir='${exec_prefix}/lib'
libexecdir='${exec_prefix}/libexec'
localedir='${datarootdir}/locale'
localstatedir='${prefix}/var'
lt_ECHO='echo'
mandir='${datarootdir}/man'
mkdir_p='/bin/mkdir -p'
oldincludedir='/usr/include'
pdfdir='${docdir}'
prefix='/ascldap/users/tgroves/perftest-2.3'
program_transform_name='s,x,x,'
psdir='${docdir}'
sbindir='${exec_prefix}/sbin'
sharedstatedir='${prefix}/com'
sysconfdir='${prefix}/etc'
target_alias=''

## ----------- ##
## confdefs.h. ##
## ----------- ##

#define PACKAGE_NAME "perftest"
#define PACKAGE_TARNAME "perftest"
#define PACKAGE_VERSION "5.33"
#define PACKAGE_STRING "perftest 5.33"
#define PACKAGE_BUGREPORT "linux-rdma@vger.kernel.org"
#define PACKAGE "perftest"
#define VERSION "5.33"
#define STDC_HEADERS 1
#define HAVE_SYS_TYPES_H 1
#define HAVE_SYS_STAT_H 1
#define HAVE_STDLIB_H 1
#define HAVE_STRING_H 1
#define HAVE_MEMORY_H 1
#define HAVE_STRINGS_H 1
#define HAVE_INTTYPES_H 1
#define HAVE_STDINT_H 1
#define HAVE_UNISTD_H 1
#define HAVE_DLFCN_H 1
#define LT_OBJDIR ".libs/"
#define STDC_HEADERS 1
#define HAVE_INFINIBAND_VERBS_H 1
#define HAVE_LIBIBVERBS 1
#define HAVE_LIBRDMACM 1
#define HAVE_RAW_ETH_REG 1
#define HAVE_RAW_ETH 1
#define HAVE_XRCD 1
#define HAVE_ENDIAN 1

configure: exit 0
